[03-Jul-2024 20:00:25 UTC] PHP Warning:  mysqli_real_connect(): (HY000/2002): No such file or directory in /home/hmd/Local Sites/stonehouse/app/public/wp-includes/class-wpdb.php on line 1987
[03-Jul-2024 20:00:25 UTC] PHP Warning:  mysqli_real_connect(): (HY000/2002): No such file or directory in /home/hmd/Local Sites/stonehouse/app/public/wp-includes/class-wpdb.php on line 1987
[03-Jul-2024 20:01:49 UTC] PHP Warning:  mysqli_real_connect(): (HY000/2002): No such file or directory in /home/hmd/Local Sites/stonehouse/app/public/wp-includes/class-wpdb.php on line 1987
[03-Jul-2024 20:01:49 UTC] PHP Warning:  mysqli_real_connect(): (HY000/2002): No such file or directory in /home/hmd/Local Sites/stonehouse/app/public/wp-includes/class-wpdb.php on line 1987
[06-Jul-2024 15:20:07 UTC] PHP Warning:  mysqli_real_connect(): (HY000/2002): No such file or directory in /home/hmd/Local Sites/stonehouse/app/public/wp-includes/class-wpdb.php on line 1987
[06-Jul-2024 15:21:09 UTC] PHP Warning:  mysqli_real_connect(): (HY000/2002): No such file or directory in /home/hmd/Local Sites/stonehouse/app/public/wp-includes/class-wpdb.php on line 1987
[06-Jul-2024 15:21:09 UTC] PHP Warning:  mysqli_real_connect(): (HY000/2002): No such file or directory in /home/hmd/Local Sites/stonehouse/app/public/wp-includes/class-wpdb.php on line 1987
[06-Jul-2024 15:21:37 UTC] PHP Warning:  mysqli_real_connect(): (HY000/2002): No such file or directory in /home/hmd/Local Sites/stonehouse/app/public/wp-includes/class-wpdb.php on line 1987
[06-Jul-2024 15:21:39 UTC] PHP Warning:  mysqli_real_connect(): (HY000/2002): No such file or directory in /home/hmd/Local Sites/stonehouse/app/public/wp-includes/class-wpdb.php on line 1987
[06-Jul-2024 15:27:10 UTC] PHP Warning:  mysqli_real_connect(): (HY000/2002): No such file or directory in /home/hmd/Local Sites/stonehouse/app/public/wp-includes/class-wpdb.php on line 1987
[06-Jul-2024 15:27:10 UTC] PHP Warning:  mysqli_real_connect(): (HY000/2002): No such file or directory in /home/hmd/Local Sites/stonehouse/app/public/wp-includes/class-wpdb.php on line 1987
[07-Jul-2024 08:23:50 UTC] PHP Warning:  mysqli_real_connect(): (HY000/2002): No such file or directory in /home/hmd/Local Sites/stonehouse/app/public/wp-includes/class-wpdb.php on line 1987
[07-Jul-2024 08:23:50 UTC] PHP Warning:  mysqli_real_connect(): (HY000/2002): No such file or directory in /home/hmd/Local Sites/stonehouse/app/public/wp-includes/class-wpdb.php on line 1987
[07-Jul-2024 08:23:50 UTC] PHP Warning:  mysqli_real_connect(): (HY000/2002): No such file or directory in /home/hmd/Local Sites/stonehouse/app/public/wp-includes/class-wpdb.php on line 1987
[07-Jul-2024 08:23:50 UTC] PHP Warning:  mysqli_real_connect(): (HY000/2002): No such file or directory in /home/hmd/Local Sites/stonehouse/app/public/wp-includes/class-wpdb.php on line 1987
[07-Jul-2024 08:23:56 UTC] PHP Warning:  mysqli_real_connect(): (HY000/2002): No such file or directory in /home/hmd/Local Sites/stonehouse/app/public/wp-includes/class-wpdb.php on line 1987
[09-Jul-2024 21:22:39 UTC] PHP Warning:  mysqli_real_connect(): (HY000/2002): No such file or directory in /home/hmd/Local Sites/stonehouse/app/public/wp-includes/class-wpdb.php on line 1987
[09-Jul-2024 21:22:39 UTC] PHP Warning:  mysqli_real_connect(): (HY000/2002): No such file or directory in /home/hmd/Local Sites/stonehouse/app/public/wp-includes/class-wpdb.php on line 1987
[09-Jul-2024 21:22:39 UTC] PHP Warning:  mysqli_real_connect(): (HY000/2002): No such file or directory in /home/hmd/Local Sites/stonehouse/app/public/wp-includes/class-wpdb.php on line 1987
[09-Jul-2024 21:22:54 UTC] PHP Warning:  mysqli_real_connect(): (HY000/2002): No such file or directory in /home/hmd/Local Sites/stonehouse/app/public/wp-includes/class-wpdb.php on line 1987
[09-Jul-2024 21:23:06 UTC] PHP Warning:  mysqli_real_connect(): (HY000/2002): No such file or directory in /home/hmd/Local Sites/stonehouse/app/public/wp-includes/class-wpdb.php on line 1987
[09-Jul-2024 21:23:22 UTC] PHP Warning:  mysqli_real_connect(): Error while reading greeting packet. PID=5161 in /home/hmd/Local Sites/stonehouse/app/public/wp-includes/class-wpdb.php on line 1987
[09-Jul-2024 21:23:22 UTC] PHP Warning:  mysqli_real_connect(): (HY000/2006): MySQL server has gone away in /home/hmd/Local Sites/stonehouse/app/public/wp-includes/class-wpdb.php on line 1987
[09-Jul-2024 21:23:26 UTC] PHP Warning:  mysqli_real_connect(): (HY000/2002): No such file or directory in /home/hmd/Local Sites/stonehouse/app/public/wp-includes/class-wpdb.php on line 1987
[09-Jul-2024 21:23:38 UTC] PHP Warning:  mysqli_real_connect(): (HY000/2002): No such file or directory in /home/hmd/Local Sites/stonehouse/app/public/wp-includes/class-wpdb.php on line 1987
[09-Jul-2024 21:23:41 UTC] PHP Warning:  mysqli_real_connect(): (HY000/2002): No such file or directory in /home/hmd/Local Sites/stonehouse/app/public/wp-includes/class-wpdb.php on line 1987
[09-Jul-2024 21:24:18 UTC] PHP Warning:  mysqli_real_connect(): (HY000/2002): No such file or directory in /home/hmd/Local Sites/stonehouse/app/public/wp-includes/class-wpdb.php on line 1987
[09-Jul-2024 21:24:23 UTC] PHP Warning:  mysqli_real_connect(): (HY000/2002): No such file or directory in /home/hmd/Local Sites/stonehouse/app/public/wp-includes/class-wpdb.php on line 1987
[09-Jul-2024 21:34:33 UTC] PHP Warning:  mysqli_real_connect(): (HY000/2002): Connection refused in /home/hmd/Local Sites/stonehouse/app/public/wp-includes/class-wpdb.php on line 1987
[09-Jul-2024 21:34:33 UTC] PHP Warning:  mysqli_real_connect(): (HY000/2002): Connection refused in /home/hmd/Local Sites/stonehouse/app/public/wp-includes/class-wpdb.php on line 1987
[09-Jul-2024 21:34:33 UTC] PHP Warning:  mysqli_real_connect(): (HY000/2002): Connection refused in /home/hmd/Local Sites/stonehouse/app/public/wp-includes/class-wpdb.php on line 1987
[09-Jul-2024 21:34:33 UTC] PHP Warning:  mysqli_real_connect(): (HY000/2002): Connection refused in /home/hmd/Local Sites/stonehouse/app/public/wp-includes/class-wpdb.php on line 1987
[09-Jul-2024 21:34:41 UTC] PHP Warning:  mysqli_real_connect(): (HY000/2002): Connection refused in /home/hmd/Local Sites/stonehouse/app/public/wp-includes/class-wpdb.php on line 1987
[13-Jul-2024 09:50:43 UTC] PHP Warning:  mysqli_real_connect(): (HY000/2002): No such file or directory in /home/hmd/Local Sites/stonehouse/app/public/wp-includes/class-wpdb.php on line 1987
[13-Jul-2024 09:50:43 UTC] PHP Warning:  mysqli_real_connect(): (HY000/2002): No such file or directory in /home/hmd/Local Sites/stonehouse/app/public/wp-includes/class-wpdb.php on line 1987
[13-Jul-2024 09:50:43 UTC] PHP Warning:  mysqli_real_connect(): (HY000/2002): No such file or directory in /home/hmd/Local Sites/stonehouse/app/public/wp-includes/class-wpdb.php on line 1987
[13-Jul-2024 09:50:43 UTC] PHP Warning:  mysqli_real_connect(): (HY000/2002): No such file or directory in /home/hmd/Local Sites/stonehouse/app/public/wp-includes/class-wpdb.php on line 1987
[13-Jul-2024 09:50:43 UTC] PHP Warning:  mysqli_real_connect(): (HY000/2002): No such file or directory in /home/hmd/Local Sites/stonehouse/app/public/wp-includes/class-wpdb.php on line 1987
[13-Jul-2024 09:50:49 UTC] PHP Warning:  mysqli_real_connect(): (HY000/2002): No such file or directory in /home/hmd/Local Sites/stonehouse/app/public/wp-includes/class-wpdb.php on line 1987
[13-Jul-2024 09:50:58 UTC] PHP Warning:  mysqli_real_connect(): (HY000/2002): Connection refused in /home/hmd/Local Sites/stonehouse/app/public/wp-includes/class-wpdb.php on line 1987
[13-Jul-2024 09:51:12 UTC] PHP Warning:  mysqli_real_connect(): (HY000/2002): Connection refused in /home/hmd/Local Sites/stonehouse/app/public/wp-includes/class-wpdb.php on line 1987
[13-Jul-2024 09:51:16 UTC] PHP Warning:  mysqli_real_connect(): (HY000/2002): No such file or directory in /home/hmd/Local Sites/stonehouse/app/public/wp-includes/class-wpdb.php on line 1987
[13-Jul-2024 09:51:30 UTC] PHP Warning:  mysqli_real_connect(): (HY000/2002): No such file or directory in /home/hmd/Local Sites/stonehouse/app/public/wp-includes/class-wpdb.php on line 1987
[13-Jul-2024 09:51:33 UTC] PHP Warning:  mysqli_real_connect(): (HY000/2002): No such file or directory in /home/hmd/Local Sites/stonehouse/app/public/wp-includes/class-wpdb.php on line 1987
[13-Jul-2024 09:51:44 UTC] PHP Warning:  mysqli_real_connect(): (HY000/2002): No such file or directory in /home/hmd/Local Sites/stonehouse/app/public/wp-includes/class-wpdb.php on line 1987
[13-Jul-2024 09:51:47 UTC] PHP Warning:  mysqli_real_connect(): (HY000/2002): No such file or directory in /home/hmd/Local Sites/stonehouse/app/public/wp-includes/class-wpdb.php on line 1987
[13-Jul-2024 09:51:58 UTC] PHP Warning:  mysqli_real_connect(): (HY000/2002): No such file or directory in /home/hmd/Local Sites/stonehouse/app/public/wp-includes/class-wpdb.php on line 1987
[13-Jul-2024 09:52:01 UTC] PHP Warning:  mysqli_real_connect(): (HY000/2002): No such file or directory in /home/hmd/Local Sites/stonehouse/app/public/wp-includes/class-wpdb.php on line 1987
[13-Jul-2024 09:52:13 UTC] PHP Warning:  mysqli_real_connect(): (HY000/2002): No such file or directory in /home/hmd/Local Sites/stonehouse/app/public/wp-includes/class-wpdb.php on line 1987
[13-Jul-2024 09:52:15 UTC] PHP Warning:  mysqli_real_connect(): (HY000/2002): No such file or directory in /home/hmd/Local Sites/stonehouse/app/public/wp-includes/class-wpdb.php on line 1987
[14-Jul-2024 11:44:58 UTC] PHP Warning:  mysqli_real_connect(): (HY000/2002): No such file or directory in /home/hmd/Local Sites/stonehouse/app/public/wp-includes/class-wpdb.php on line 1987
[14-Jul-2024 11:44:58 UTC] PHP Warning:  mysqli_real_connect(): (HY000/2002): No such file or directory in /home/hmd/Local Sites/stonehouse/app/public/wp-includes/class-wpdb.php on line 1987
[14-Jul-2024 11:44:58 UTC] PHP Warning:  mysqli_real_connect(): (HY000/2002): No such file or directory in /home/hmd/Local Sites/stonehouse/app/public/wp-includes/class-wpdb.php on line 1987
[14-Jul-2024 11:45:03 UTC] PHP Warning:  mysqli_real_connect(): (HY000/2002): No such file or directory in /home/hmd/Local Sites/stonehouse/app/public/wp-includes/class-wpdb.php on line 1987
[14-Jul-2024 11:45:06 UTC] PHP Warning:  mysqli_real_connect(): (HY000/2002): No such file or directory in /home/hmd/Local Sites/stonehouse/app/public/wp-includes/class-wpdb.php on line 1987
[14-Jul-2024 18:17:39 UTC] PHP Warning:  mysqli_real_connect(): (HY000/2002): No such file or directory in /home/hmd/Local Sites/stonehouse/app/public/wp-includes/class-wpdb.php on line 1987
[14-Jul-2024 18:17:39 UTC] PHP Warning:  mysqli_real_connect(): (HY000/2002): No such file or directory in /home/hmd/Local Sites/stonehouse/app/public/wp-includes/class-wpdb.php on line 1987
[14-Jul-2024 18:17:39 UTC] PHP Warning:  mysqli_real_connect(): (HY000/2002): No such file or directory in /home/hmd/Local Sites/stonehouse/app/public/wp-includes/class-wpdb.php on line 1987
[14-Jul-2024 18:17:46 UTC] PHP Warning:  mysqli_real_connect(): (HY000/2002): No such file or directory in /home/hmd/Local Sites/stonehouse/app/public/wp-includes/class-wpdb.php on line 1987
[14-Jul-2024 18:17:48 UTC] PHP Warning:  mysqli_real_connect(): (HY000/2002): No such file or directory in /home/hmd/Local Sites/stonehouse/app/public/wp-includes/class-wpdb.php on line 1987
[20-Jul-2024 12:09:47 UTC] PHP Warning:  mysqli_real_connect(): (HY000/2002): No such file or directory in /home/hmd/Local Sites/stonehouse/app/public/wp-includes/class-wpdb.php on line 1987
[20-Jul-2024 12:09:47 UTC] PHP Warning:  mysqli_real_connect(): (HY000/2002): No such file or directory in /home/hmd/Local Sites/stonehouse/app/public/wp-includes/class-wpdb.php on line 1987
[20-Jul-2024 12:09:47 UTC] PHP Warning:  mysqli_real_connect(): (HY000/2002): No such file or directory in /home/hmd/Local Sites/stonehouse/app/public/wp-includes/class-wpdb.php on line 1987
[20-Jul-2024 12:10:11 UTC] PHP Warning:  mysqli_real_connect(): (HY000/2002): No such file or directory in /home/hmd/Local Sites/stonehouse/app/public/wp-includes/class-wpdb.php on line 1987
[20-Jul-2024 12:10:13 UTC] PHP Warning:  mysqli_real_connect(): (HY000/2002): No such file or directory in /home/hmd/Local Sites/stonehouse/app/public/wp-includes/class-wpdb.php on line 1987
[21-Jul-2024 07:32:29 UTC] PHP Warning:  mysqli_real_connect(): (HY000/2002): No such file or directory in /home/hmd/Local Sites/stonehouse/app/public/wp-includes/class-wpdb.php on line 1987
[21-Jul-2024 07:32:33 UTC] PHP Warning:  mysqli_real_connect(): (HY000/2002): No such file or directory in /home/hmd/Local Sites/stonehouse/app/public/wp-includes/class-wpdb.php on line 1987
[21-Jul-2024 07:32:33 UTC] PHP Warning:  mysqli_real_connect(): (HY000/2002): No such file or directory in /home/hmd/Local Sites/stonehouse/app/public/wp-includes/class-wpdb.php on line 1987
[21-Jul-2024 07:32:47 UTC] PHP Warning:  An unexpected error occurred. Something may be wrong with WordPress.org or this server&#8217;s configuration. If you continue to have problems, please try the <a href="https://wordpress.org/support/forums/">support forums</a>. (WordPress could not establish a secure connection to WordPress.org. Please contact your server administrator.) in /home/hmd/Local Sites/stonehouse/app/public/wp-includes/update.php on line 211
[21-Jul-2024 07:32:49 UTC] PHP Warning:  An unexpected error occurred. Something may be wrong with WordPress.org or this server&#8217;s configuration. If you continue to have problems, please try the <a href="https://wordpress.org/support/forums/">support forums</a>. (WordPress could not establish a secure connection to WordPress.org. Please contact your server administrator.) in /home/hmd/Local Sites/stonehouse/app/public/wp-includes/update.php on line 449
[21-Jul-2024 07:32:50 UTC] PHP Warning:  An unexpected error occurred. Something may be wrong with WordPress.org or this server&#8217;s configuration. If you continue to have problems, please try the <a href="https://wordpress.org/support/forums/">support forums</a>. (WordPress could not establish a secure connection to WordPress.org. Please contact your server administrator.) in /home/hmd/Local Sites/stonehouse/app/public/wp-includes/update.php on line 730
[22-Jul-2024 19:22:15 UTC] PHP Warning:  mysqli_real_connect(): (HY000/2002): No such file or directory in /home/hmd/Local Sites/stonehouse/app/public/wp-includes/class-wpdb.php on line 1987
[22-Jul-2024 19:22:15 UTC] PHP Warning:  mysqli_real_connect(): (HY000/2002): No such file or directory in /home/hmd/Local Sites/stonehouse/app/public/wp-includes/class-wpdb.php on line 1987
[22-Jul-2024 19:22:15 UTC] PHP Warning:  mysqli_real_connect(): (HY000/2002): No such file or directory in /home/hmd/Local Sites/stonehouse/app/public/wp-includes/class-wpdb.php on line 1987
[22-Jul-2024 19:22:15 UTC] PHP Warning:  mysqli_real_connect(): (HY000/2002): No such file or directory in /home/hmd/Local Sites/stonehouse/app/public/wp-includes/class-wpdb.php on line 1987
[22-Jul-2024 19:22:22 UTC] PHP Warning:  mysqli_real_connect(): (HY000/2002): No such file or directory in /home/hmd/Local Sites/stonehouse/app/public/wp-includes/class-wpdb.php on line 1987
[22-Jul-2024 19:22:35 UTC] PHP Warning:  mysqli_real_connect(): (HY000/2002): No such file or directory in /home/hmd/Local Sites/stonehouse/app/public/wp-includes/class-wpdb.php on line 1987
[22-Jul-2024 19:22:37 UTC] PHP Warning:  mysqli_real_connect(): (HY000/2002): No such file or directory in /home/hmd/Local Sites/stonehouse/app/public/wp-includes/class-wpdb.php on line 1987
[23-Jul-2024 19:49:21 UTC] PHP Warning:  mysqli_real_connect(): (HY000/2002): No such file or directory in /home/hmd/Local Sites/stonehouse/app/public/wp-includes/class-wpdb.php on line 1987
[23-Jul-2024 19:49:21 UTC] PHP Warning:  mysqli_real_connect(): (HY000/2002): No such file or directory in /home/hmd/Local Sites/stonehouse/app/public/wp-includes/class-wpdb.php on line 1987
[23-Jul-2024 19:49:21 UTC] PHP Warning:  mysqli_real_connect(): (HY000/2002): No such file or directory in /home/hmd/Local Sites/stonehouse/app/public/wp-includes/class-wpdb.php on line 1987
[23-Jul-2024 19:49:21 UTC] PHP Warning:  mysqli_real_connect(): (HY000/2002): No such file or directory in /home/hmd/Local Sites/stonehouse/app/public/wp-includes/class-wpdb.php on line 1987
[23-Jul-2024 19:49:21 UTC] PHP Warning:  mysqli_real_connect(): (HY000/2002): No such file or directory in /home/hmd/Local Sites/stonehouse/app/public/wp-includes/class-wpdb.php on line 1987
[23-Jul-2024 19:49:21 UTC] PHP Warning:  mysqli_real_connect(): (HY000/2002): No such file or directory in /home/hmd/Local Sites/stonehouse/app/public/wp-includes/class-wpdb.php on line 1987
[23-Jul-2024 19:49:30 UTC] PHP Warning:  mysqli_real_connect(): (HY000/2002): No such file or directory in /home/hmd/Local Sites/stonehouse/app/public/wp-includes/class-wpdb.php on line 1987
[23-Jul-2024 19:49:42 UTC] PHP Warning:  mysqli_real_connect(): (HY000/2002): No such file or directory in /home/hmd/Local Sites/stonehouse/app/public/wp-includes/class-wpdb.php on line 1987
[23-Jul-2024 19:49:47 UTC] PHP Warning:  mysqli_real_connect(): (HY000/2002): No such file or directory in /home/hmd/Local Sites/stonehouse/app/public/wp-includes/class-wpdb.php on line 1987
[28-Jul-2024 07:34:32 UTC] PHP Warning:  mysqli_real_connect(): (HY000/2002): No such file or directory in /home/hmd/Local Sites/stonehouse/app/public/wp-includes/class-wpdb.php on line 1987
[28-Jul-2024 07:34:32 UTC] PHP Warning:  mysqli_real_connect(): (HY000/2002): No such file or directory in /home/hmd/Local Sites/stonehouse/app/public/wp-includes/class-wpdb.php on line 1987
[28-Jul-2024 07:34:32 UTC] PHP Warning:  mysqli_real_connect(): (HY000/2002): No such file or directory in /home/hmd/Local Sites/stonehouse/app/public/wp-includes/class-wpdb.php on line 1987
[28-Jul-2024 07:34:32 UTC] PHP Warning:  mysqli_real_connect(): (HY000/2002): No such file or directory in /home/hmd/Local Sites/stonehouse/app/public/wp-includes/class-wpdb.php on line 1987
[28-Jul-2024 07:34:38 UTC] PHP Warning:  mysqli_real_connect(): (HY000/2002): No such file or directory in /home/hmd/Local Sites/stonehouse/app/public/wp-includes/class-wpdb.php on line 1987
[03-Aug-2024 13:26:42 UTC] PHP Warning:  mysqli_real_connect(): (HY000/2002): No such file or directory in /home/hmd/Local Sites/stonehouse/app/public/wp-includes/class-wpdb.php on line 1987
[03-Aug-2024 13:26:42 UTC] PHP Warning:  mysqli_real_connect(): (HY000/2002): No such file or directory in /home/hmd/Local Sites/stonehouse/app/public/wp-includes/class-wpdb.php on line 1987
[03-Aug-2024 13:26:42 UTC] PHP Warning:  mysqli_real_connect(): (HY000/2002): No such file or directory in /home/hmd/Local Sites/stonehouse/app/public/wp-includes/class-wpdb.php on line 1987
[03-Aug-2024 13:26:55 UTC] PHP Warning:  mysqli_real_connect(): (HY000/2002): No such file or directory in /home/hmd/Local Sites/stonehouse/app/public/wp-includes/class-wpdb.php on line 1987
[03-Aug-2024 13:30:28 UTC] PHP Warning:  mysqli_real_connect(): (HY000/2002): No such file or directory in /home/hmd/Local Sites/stonehouse/app/public/wp-includes/class-wpdb.php on line 1987
[03-Aug-2024 13:30:30 UTC] PHP Warning:  mysqli_real_connect(): (HY000/2002): No such file or directory in /home/hmd/Local Sites/stonehouse/app/public/wp-includes/class-wpdb.php on line 1987
[03-Aug-2024 13:30:30 UTC] PHP Warning:  mysqli_real_connect(): (HY000/2002): No such file or directory in /home/hmd/Local Sites/stonehouse/app/public/wp-includes/class-wpdb.php on line 1987
[13-Aug-2024 13:04:02 UTC] PHP Warning:  mysqli_real_connect(): (HY000/2002): No such file or directory in /home/hmd/Local Sites/stonehouse/app/public/wp-includes/class-wpdb.php on line 1987
[13-Aug-2024 13:04:02 UTC] PHP Warning:  mysqli_real_connect(): (HY000/2002): No such file or directory in /home/hmd/Local Sites/stonehouse/app/public/wp-includes/class-wpdb.php on line 1987
[13-Aug-2024 13:04:02 UTC] PHP Warning:  mysqli_real_connect(): (HY000/2002): No such file or directory in /home/hmd/Local Sites/stonehouse/app/public/wp-includes/class-wpdb.php on line 1987
[13-Aug-2024 13:04:02 UTC] PHP Warning:  mysqli_real_connect(): (HY000/2002): No such file or directory in /home/hmd/Local Sites/stonehouse/app/public/wp-includes/class-wpdb.php on line 1987
[13-Aug-2024 13:04:05 UTC] PHP Warning:  mysqli_real_connect(): (HY000/2002): No such file or directory in /home/hmd/Local Sites/stonehouse/app/public/wp-includes/class-wpdb.php on line 1987
[13-Aug-2024 13:04:20 UTC] PHP Warning:  mysqli_real_connect(): (HY000/2002): No such file or directory in /home/hmd/Local Sites/stonehouse/app/public/wp-includes/class-wpdb.php on line 1987
[13-Aug-2024 13:04:22 UTC] PHP Warning:  mysqli_real_connect(): (HY000/2002): No such file or directory in /home/hmd/Local Sites/stonehouse/app/public/wp-includes/class-wpdb.php on line 1987
